<?xml version="1.0" encoding="UTF-8"?>
<!-- Generated by org.testng.reporters.JUnitReportReporter -->
<testsuite hostname="DESKTOP-VA6IN0U" failures="0" tests="1" name="rahulashettyacademy.Tests.ErrorValidation" time="3.606" errors="0" timestamp="2023-11-15T23:56:59 IST" skipped="0">
  <testcase classname="rahulashettyacademy.Tests.ErrorValidation" name="errorValidation" time="3.606"/>
</testsuite> <!-- rahulashettyacademy.Tests.ErrorValidation -->
