<?xml version="1.0" encoding="UTF-8"?>
<!-- Generated by org.testng.reporters.JUnitReportReporter -->
<testsuite hostname="DESKTOP-VA6IN0U" failures="0" tests="1" name="rahulashettyacademy.Tests.SubmitOrderTest" time="21.975" errors="0" timestamp="2023-11-15T21:24:21 IST" skipped="0">
  <testcase classname="rahulashettyacademy.Tests.SubmitOrderTest" name="submitOrder" time="21.975"/>
</testsuite> <!-- rahulashettyacademy.Tests.SubmitOrderTest -->
