<?xml version="1.0" encoding="UTF-8"?>
<!-- Generated by org.testng.reporters.JUnitReportReporter -->
<testsuite hostname="DESKTOP-VA6IN0U" failures="0" tests="1" name="rahulshettyacademy.Tests.SubmitOrderTest" time="20.072" errors="0" timestamp="2023-11-16T00:19:43 IST" skipped="0">
  <testcase classname="rahulshettyacademy.Tests.SubmitOrderTest" name="submitOrder" time="20.072"/>
</testsuite> <!-- rahulshettyacademy.Tests.SubmitOrderTest -->
