<?xml version="1.0" encoding="UTF-8"?>
<!-- Generated by org.testng.reporters.JUnitReportReporter -->
<testsuite hostname="DESKTOP-VA6IN0U" failures="0" tests="2" name="rahulshettyacademy.Tests.SubmitOrderTest" time="19.410" errors="0" timestamp="2023-11-28T23:46:03 IST" skipped="0">
  <testcase classname="rahulshettyacademy.Tests.SubmitOrderTest" name="orderHistoryTest" time="2.611"/>
  <testcase classname="rahulshettyacademy.Tests.SubmitOrderTest" name="submitOrder" time="16.799"/>
</testsuite> <!-- rahulshettyacademy.Tests.SubmitOrderTest -->
