<?xml version="1.0" encoding="UTF-8"?>
<!-- Generated by org.testng.reporters.JUnitReportReporter -->
<testsuite hostname="DESKTOP-VA6IN0U" failures="0" tests="2" name="rahulshettyacademy.Tests.ErrorValidation" time="18.630" errors="0" timestamp="2023-11-28T23:46:03 IST" skipped="0">
  <testcase classname="rahulshettyacademy.Tests.ErrorValidation" name="LoginErrorValidation" time="1.701"/>
  <testcase classname="rahulshettyacademy.Tests.ErrorValidation" name="ProductErrorValidation" time="16.929"/>
</testsuite> <!-- rahulshettyacademy.Tests.ErrorValidation -->
